d:\codes\ua-.net-legacy\sampleapplications\workshop\comda\comclient\debug\com dataaccess client.pch
d:\codes\ua-.net-legacy\sampleapplications\workshop\comda\comclient\debug\vc141.pdb
d:\codes\ua-.net-legacy\sampleapplications\workshop\comda\comclient\debug\stdafx.obj
d:\codes\ua-.net-legacy\sampleapplications\workshop\comda\comclient\debug\mainform.obj
d:\codes\ua-.net-legacy\sampleapplications\workshop\comda\comclient\debug\enterendpointurldlg.obj
d:\codes\ua-.net-legacy\sampleapplications\workshop\comda\comclient\debug\createserverdlg.obj
d:\codes\ua-.net-legacy\sampleapplications\workshop\comda\comclient\debug\comdatester.obj
d:\codes\ua-.net-legacy\sampleapplications\workshop\comda\comclient\debug\comdadatacallback.obj
d:\codes\ua-.net-legacy\sampleapplications\workshop\comda\comclient\debug\comdaclientutils.obj
d:\codes\ua-.net-legacy\sampleapplications\workshop\comda\comclient\debug\client.obj
d:\codes\ua-.net-legacy\sampleapplications\workshop\comda\comclient\debug\assemblyinfo.obj
d:\codes\ua-.net-legacy\sampleapplications\workshop\comda\comclient\debug\.netframework,version=v4.5.1.assemblyattributes.obj
d:\codes\ua-.net-legacy\sampleapplications\workshop\comda\comclient\debug\.netframework,version=v4.5.1.assemblyattributes.asm
d:\codes\ua-.net-legacy\sampleapplications\bin\debug\opc.ua.core.dll
d:\codes\ua-.net-legacy\sampleapplications\bin\debug\opc.ua.core.pdb
d:\codes\ua-.net-legacy\sampleapplications\workshop\comda\comclient\debug\client.createserverdlg.resources
d:\codes\ua-.net-legacy\sampleapplications\workshop\comda\comclient\debug\client.enterendpointurldlg.resources
d:\codes\ua-.net-legacy\sampleapplications\workshop\comda\comclient\debug\client.mainform.resources
d:\codes\ua-.net-legacy\sampleapplications\workshop\comda\comclient\debug\com data.19855c3c.tlog\metagen.write.1.tlog
d:\codes\ua-.net-legacy\sampleapplications\workshop\comda\comclient\debug\com test client.vcxproj.generateresource.cache
d:\codes\ua-.net-legacy\sampleapplications\workshop\comda\comclient\debug\com test client.vcxprojassemblyreference.cache
d:\codes\ua-.net-legacy\sampleapplications\workshop\comda\comclient\debug\com data.19855c3c.tlog\cl.command.1.tlog
d:\codes\ua-.net-legacy\sampleapplications\workshop\comda\comclient\debug\com data.19855c3c.tlog\cl.read.1.tlog
d:\codes\ua-.net-legacy\sampleapplications\workshop\comda\comclient\debug\com data.19855c3c.tlog\cl.write.1.tlog
d:\codes\ua-.net-legacy\sampleapplications\workshop\comda\comclient\debug\com data.19855c3c.tlog\com dataaccess client.write.1u.tlog
d:\codes\ua-.net-legacy\sampleapplications\workshop\comda\comclient\debug\com data.19855c3c.tlog\metagen.read.1.tlog
d:\codes\ua-.net-legacy\sampleapplications\workshop\comda\comclient\debug\com data.19855c3c.tlog\rc.command.1.tlog
d:\codes\ua-.net-legacy\sampleapplications\workshop\comda\comclient\debug\com data.19855c3c.tlog\rc.read.1.tlog
d:\codes\ua-.net-legacy\sampleapplications\workshop\comda\comclient\debug\com data.19855c3c.tlog\rc.write.1.tlog
d:\codes\ua-.net-legacy\sampleapplications\workshop\comda\comclient\debug\com data.19855c3c.tlog\opc.ua.configuration.dll.metagen
d:\codes\ua-.net-legacy\sampleapplications\workshop\comda\comclient\debug\com data.19855c3c.tlog\opc.ua.core.dll.metagen
